<?xml version="1.0" encoding="UTF-8"?>
<!-- Generated by org.testng.reporters.JUnitReportReporter -->
<testsuite hostname="Pranshu-Ambwani" name="org.metacube.webdriver.testng.Test" tests="2" failures="0" timestamp="30 Dec 2019 12:52:28 GMT" time="0.016" errors="0">
  <testcase name="exampleOfTestNgMaven" time="0.016" classname="org.metacube.webdriver.testng.Test"/>
  <testcase name="exampleOfTestNgMaven2" time="0.000" classname="org.metacube.webdriver.testng.Test"/>
</testsuite> <!-- org.metacube.webdriver.testng.Test -->
